0 info it worked if it ends with ok
1 verbose cli [ '/Users/roberthuzzey/nvm/v0.10.15/bin/node',
1 verbose cli   '/Users/roberthuzzey/nvm/v0.10.15/bin/npm',
1 verbose cli   'install',
1 verbose cli   'grunt-contrib-open',
1 verbose cli   '--save-dev' ]
2 info using npm@1.3.5
3 info using node@v0.10.15
4 verbose readDependencies using package.json deps
5 verbose cache add [ 'grunt-contrib-open', null ]
6 verbose cache add name=undefined spec="grunt-contrib-open" args=["grunt-contrib-open",null]
7 verbose parsed url { protocol: null,
7 verbose parsed url   slashes: null,
7 verbose parsed url   auth: null,
7 verbose parsed url   host: null,
7 verbose parsed url   port: null,
7 verbose parsed url   hostname: null,
7 verbose parsed url   hash: null,
7 verbose parsed url   search: null,
7 verbose parsed url   query: null,
7 verbose parsed url   pathname: 'grunt-contrib-open',
7 verbose parsed url   path: 'grunt-contrib-open',
7 verbose parsed url   href: 'grunt-contrib-open' }
8 silly lockFile aa29fd80-grunt-contrib-open grunt-contrib-open
9 verbose lock grunt-contrib-open /Users/roberthuzzey/.npm/aa29fd80-grunt-contrib-open.lock
10 silly lockFile aa29fd80-grunt-contrib-open grunt-contrib-open
11 silly lockFile aa29fd80-grunt-contrib-open grunt-contrib-open
12 verbose addNamed [ 'grunt-contrib-open', '' ]
13 verbose addNamed [ null, '*' ]
14 silly lockFile cba33cbd-grunt-contrib-open grunt-contrib-open@
15 verbose lock grunt-contrib-open@ /Users/roberthuzzey/.npm/cba33cbd-grunt-contrib-open.lock
16 silly addNameRange { name: 'grunt-contrib-open', range: '*', hasData: false }
17 verbose url raw grunt-contrib-open
18 verbose url resolving [ 'https://registry.npmjs.org/', './grunt-contrib-open' ]
19 verbose url resolved https://registry.npmjs.org/grunt-contrib-open
20 info trying registry request attempt 1 at 23:06:33
21 http GET https://registry.npmjs.org/grunt-contrib-open
22 http 404 https://registry.npmjs.org/grunt-contrib-open
23 silly registry.get cb [ 404,
23 silly registry.get   { date: 'Sat, 25 Jan 2014 23:06:34 GMT',
23 silly registry.get     server: 'CouchDB/1.5.0 (Erlang OTP/R15B03)',
23 silly registry.get     'content-type': 'application/json',
23 silly registry.get     'cache-control': 'max-age=0',
23 silly registry.get     'content-length': '52',
23 silly registry.get     'accept-ranges': 'bytes',
23 silly registry.get     via: '1.1 varnish',
23 silly registry.get     age: '0',
23 silly registry.get     'x-served-by': 'cache-am77-AMS',
23 silly registry.get     'x-cache': 'MISS',
23 silly registry.get     'x-cache-hits': '0',
23 silly registry.get     'x-timer': 'S1390691194.051915646,VS0,VE136',
23 silly registry.get     'keep-alive': 'timeout=10, max=50',
23 silly registry.get     connection: 'Keep-Alive' } ]
24 silly lockFile cba33cbd-grunt-contrib-open grunt-contrib-open@
25 silly lockFile cba33cbd-grunt-contrib-open grunt-contrib-open@
26 error 404 'grunt-contrib-open' is not in the npm registry.
26 error 404 You should bug the author to publish it
26 error 404
26 error 404 Note that you can also install from a
26 error 404 tarball, folder, or http url, or git url.
27 error System Darwin 12.3.0
28 error command "/Users/roberthuzzey/nvm/v0.10.15/bin/node" "/Users/roberthuzzey/nvm/v0.10.15/bin/npm" "install" "grunt-contrib-open" "--save-dev"
29 error cwd /Users/roberthuzzey/Documents/Dropbox/robhuzzey.co.uk/robhuzzey.co.uk-generator
30 error node -v v0.10.15
31 error npm -v 1.3.5
32 error code E404
33 verbose exit [ 1, true ]
